2025-11-11 11:04:18,260 - monitor - INFO - 🚀 Запуск полнофункционального SLAM монитора
2025-11-11 11:04:18,260 - monitor - INFO - 📁 Входная директория: data/input
2025-11-11 11:04:18,260 - monitor - INFO - 📁 Выходная директория: data/output
2025-11-11 11:04:18,260 - monitor - INFO - 📍 Скопируйте видеофайлы в папку data/input для автоматической обработки
2025-11-11 11:04:18,260 - monitor - INFO - ⏸️  Для остановки нажмите Ctrl+C
2025-11-11 11:04:18,340 - processor - INFO - Инициализирован FullFeatureProcessor
2025-11-11 11:04:28,343 - monitor - INFO - 👁️  Монитор активен... Ожидание видеофайлов
2025-11-11 11:04:38,343 - monitor - INFO - 👁️  Монитор активен... Ожидание видеофайлов
2025-11-11 11:04:48,344 - monitor - INFO - 👁️  Монитор активен... Ожидание видеофайлов
2025-11-11 11:04:57,858 - monitor - INFO - 🎬 Обнаружен новый видеофайл: my_video_2_stable.mp4
2025-11-11 11:04:57,859 - monitor - INFO - ⏳ Ожидание стабилизации файла: my_video_2_stable.mp4
2025-11-11 11:04:58,345 - monitor - INFO - 👁️  Монитор активен... Ожидание видеофайлов
2025-11-11 11:04:59,859 - monitor - INFO - 📁 Файл стабилизировался: my_video_2_stable.mp4 (103810647 bytes)
2025-11-11 11:04:59,859 - monitor - INFO - ⚙️ Начинаем обработку: my_video_2_stable.mp4
2025-11-11 11:04:59,859 - processor - INFO - 🚀 Начало обработки: my_video_2_stable.mp4
2025-11-11 11:05:00,615 - processor - INFO - 📹 Информация о видео: 1080x1920, 29.6 FPS, 30.0 сек
2025-11-11 11:05:08,345 - monitor - INFO - 👁️  Монитор активен... Ожидание видеофайлов
2025-11-11 11:05:09,437 - processor - INFO - 📊 Обработано кадров: 100/903
2025-11-11 11:05:10,074 - processor - INFO - 📊 Обработано кадров: 200/903
2025-11-11 11:05:10,702 - processor - INFO - 📊 Обработано кадров: 300/903
2025-11-11 11:05:11,295 - processor - INFO - 📊 Обработано кадров: 400/903
2025-11-11 11:05:11,895 - processor - INFO - 📊 Обработано кадров: 500/903
2025-11-11 11:05:12,545 - processor - INFO - 📊 Обработано кадров: 600/903
2025-11-11 11:05:13,226 - processor - INFO - 📊 Обработано кадров: 700/903
2025-11-11 11:05:13,820 - processor - INFO - 📊 Обработано кадров: 800/903
2025-11-11 11:05:14,396 - processor - INFO - 📊 Обработано кадров: 900/903
2025-11-11 11:05:16,589 - processor - INFO - 📈 Визуализация сохранена: data\output\my_video_2_stable_trajectory.png
2025-11-11 11:05:16,589 - processor - INFO - 💾 Результаты сохранены: data\output\my_video_2_stable_analysis.json
2025-11-11 11:05:16,589 - processor - INFO - ✅ Обработка завершена: my_video_2_stable.mp4
2025-11-11 11:05:16,589 - processor - INFO - 📊 Результаты: 301 точек траектории, дистанция: 17.92 единиц
2025-11-11 11:05:16,589 - monitor - INFO - ✅ Успешно обработан: my_video_2_stable.mp4
2025-11-11 11:05:18,346 - monitor - INFO - 👁️  Монитор активен... Ожидание видеофайлов
2025-11-11 11:05:28,347 - monitor - INFO - 👁️  Монитор активен... Ожидание видеофайлов
2025-11-11 11:05:38,348 - monitor - INFO - 👁️  Монитор активен... Ожидание видеофайлов
2025-11-11 11:05:48,348 - monitor - INFO - 👁️  Монитор активен... Ожидание видеофайлов
2025-11-11 11:05:58,348 - monitor - INFO - 👁️  Монитор активен... Ожидание видеофайлов
2025-11-11 11:06:08,350 - monitor - INFO - 👁️  Монитор активен... Ожидание видеофайлов
2025-11-11 11:06:18,350 - monitor - INFO - 👁️  Монитор активен... Ожидание видеофайлов
2025-11-11 11:06:28,351 - monitor - INFO - 👁️  Монитор активен... Ожидание видеофайлов
2025-11-11 11:06:38,352 - monitor - INFO - 👁️  Монитор активен... Ожидание видеофайлов
2025-11-11 11:06:48,352 - monitor - INFO - 👁️  Монитор активен... Ожидание видеофайлов
2025-11-11 11:06:58,352 - monitor - INFO - 👁️  Монитор активен... Ожидание видеофайлов
2025-11-11 11:07:08,353 - monitor - INFO - 👁️  Монитор активен... Ожидание видеофайлов
2025-11-11 11:07:18,354 - monitor - INFO - 👁️  Монитор активен... Ожидание видеофайлов
2025-11-11 11:07:28,354 - monitor - INFO - 👁️  Монитор активен... Ожидание видеофайлов
2025-11-11 11:07:36,981 - monitor - INFO - 🛑 Остановка монитора...
2025-11-11 11:27:14,642 - monitor - INFO - 🚀 Запуск полнофункционального SLAM монитора
2025-11-11 11:27:14,643 - monitor - INFO - 📁 Входная директория: data/input
2025-11-11 11:27:14,643 - monitor - INFO - 📁 Выходная директория: data/output
2025-11-11 11:27:14,643 - monitor - INFO - 📍 Скопируйте видеофайлы в папку data/input для автоматической обработки
2025-11-11 11:27:14,643 - monitor - INFO - ⏸️  Для остановки нажмите Ctrl+C
2025-11-11 11:27:14,700 - processor - INFO - Инициализирован FullFeatureProcessor
2025-11-11 11:27:24,705 - monitor - INFO - 👁️  Монитор активен... Ожидание видеофайлов
2025-11-11 11:27:34,706 - monitor - INFO - 👁️  Монитор активен... Ожидание видеофайлов
2025-11-11 11:27:40,582 - monitor - INFO - 🎬 Обнаружен новый видеофайл: forest_walk.mp4
2025-11-11 11:27:40,582 - monitor - INFO - ⏳ Ожидание стабилизации файла: forest_walk.mp4
2025-11-11 11:27:42,584 - monitor - INFO - 📁 Файл стабилизировался: forest_walk.mp4 (65185660 bytes)
2025-11-11 11:27:42,584 - monitor - INFO - ⚙️ Начинаем обработку: forest_walk.mp4
2025-11-11 11:27:42,584 - processor - INFO - 🚀 Начало обработки: forest_walk.mp4
2025-11-11 11:27:43,570 - processor - INFO - 📹 Информация о видео: 1920x1076, 30.0 FPS, 58.0 сек
2025-11-11 11:27:44,707 - monitor - INFO - 👁️  Монитор активен... Ожидание видеофайлов
2025-11-11 11:27:53,554 - processor - INFO - 📊 Обработано кадров: 100/1763
2025-11-11 11:27:54,429 - processor - INFO - 📊 Обработано кадров: 200/1763
2025-11-11 11:27:54,708 - monitor - INFO - 👁️  Монитор активен... Ожидание видеофайлов
2025-11-11 11:27:55,189 - processor - INFO - 📊 Обработано кадров: 300/1763
2025-11-11 11:27:55,886 - processor - INFO - 📊 Обработано кадров: 400/1763
2025-11-11 11:27:56,514 - processor - INFO - 📊 Обработано кадров: 500/1763
2025-11-11 11:27:57,106 - processor - INFO - 📊 Обработано кадров: 600/1763
2025-11-11 11:27:57,735 - processor - INFO - 📊 Обработано кадров: 700/1763
2025-11-11 11:27:58,382 - processor - INFO - 📊 Обработано кадров: 800/1763
2025-11-11 11:27:59,036 - processor - INFO - 📊 Обработано кадров: 900/1763
2025-11-11 11:27:59,692 - processor - INFO - 📊 Обработано кадров: 1000/1763
2025-11-11 11:28:00,345 - processor - INFO - 📊 Обработано кадров: 1100/1763
2025-11-11 11:28:01,056 - processor - INFO - 📊 Обработано кадров: 1200/1763
2025-11-11 11:28:01,736 - processor - INFO - 📊 Обработано кадров: 1300/1763
2025-11-11 11:28:02,413 - processor - INFO - 📊 Обработано кадров: 1400/1763
2025-11-11 11:28:03,054 - processor - INFO - 📊 Обработано кадров: 1500/1763
2025-11-11 11:28:03,722 - processor - INFO - 📊 Обработано кадров: 1600/1763
2025-11-11 11:28:04,395 - processor - INFO - 📊 Обработано кадров: 1700/1763
2025-11-11 11:28:04,709 - monitor - INFO - 👁️  Монитор активен... Ожидание видеофайлов
2025-11-11 11:28:07,705 - processor - INFO - 📈 Визуализация сохранена: data\output\forest_walk_trajectory.png
2025-11-11 11:28:07,705 - processor - INFO - 💾 Результаты сохранены: data\output\forest_walk_analysis.json
2025-11-11 11:28:07,705 - processor - INFO - ✅ Обработка завершена: forest_walk.mp4
2025-11-11 11:28:07,705 - processor - INFO - 📊 Результаты: 588 точек траектории, дистанция: 24.43 единиц
2025-11-11 11:28:07,705 - monitor - INFO - ✅ Успешно обработан: forest_walk.mp4
2025-11-11 11:28:14,710 - monitor - INFO - 👁️  Монитор активен... Ожидание видеофайлов
2025-11-11 11:28:24,711 - monitor - INFO - 👁️  Монитор активен... Ожидание видеофайлов
2025-11-11 11:28:34,712 - monitor - INFO - 👁️  Монитор активен... Ожидание видеофайлов
2025-11-11 11:28:37,520 - monitor - INFO - 🛑 Остановка монитора...
2025-11-11 12:00:57,744 - processor - INFO - Инициализирован FullFeatureProcessor с scale_factor=3.35
2025-11-11 12:00:57,745 - processor - INFO - 🚀 Начало обработки: forest_walk.mp4
2025-11-11 12:00:58,593 - processor - INFO - 📹 Информация о видео: 1920x1076, 30.0 FPS, 58.0 сек
2025-11-11 12:02:58,396 - processor - INFO - Инициализирован FullFeatureProcessor с scale_factor=3.35
2025-11-11 12:02:58,396 - processor - INFO - 🚀 Начало обработки: forest_walk.mp4
2025-11-11 12:02:58,498 - processor - INFO - 📹 Информация о видео: 1920x1076, 30.0 FPS, 58.0 сек
2025-11-11 12:03:12,081 - processor - INFO - 📈 Улучшенная визуализация сохранена: data\output\forest_walk_trajectory_enhanced.png
2025-11-11 12:03:12,081 - processor - INFO - 💾 Результаты сохранены: data\output\forest_walk_analysis.json
2025-11-11 12:03:12,082 - processor - INFO - ✅ Обработка завершена: forest_walk.mp4
2025-11-11 12:03:12,082 - processor - INFO - 📊 Результаты: 588 точек траектории
2025-11-11 12:03:12,082 - processor - INFO - 📏 Дистанция: 81.84 единиц (масштаб: 3.35)
2025-11-11 12:03:12,082 - processor - INFO - 🔄 Обнаружено поворотов: 14
2025-11-11 12:09:09,259 - processor - INFO - Инициализирован FullFeatureProcessor с scale_factor=3.35
2025-11-11 12:09:09,259 - processor - INFO - 🚀 Начало обработки: my_video_2_stable.mp4
2025-11-11 12:09:09,343 - processor - INFO - 📹 Информация о видео: 1080x1920, 29.6 FPS, 30.0 сек
2025-11-11 12:09:18,019 - processor - WARNING - Не удалось создать визуализацию: 'FullFeatureProcessor' object has no attribute '_calculate_distance'
2025-11-11 12:09:18,020 - processor - INFO - 💾 Результаты сохранены: data\output\my_video_2_stable_analysis.json
2025-11-11 12:09:18,020 - processor - INFO - ✅ Обработка завершена: my_video_2_stable.mp4
2025-11-11 12:09:18,020 - processor - INFO - 📊 Результаты: 301 точек траектории
2025-11-11 12:09:18,020 - processor - INFO - 📏 Дистанция: 60.04 единиц (масштаб: 3.35)
2025-11-11 12:09:18,020 - processor - INFO - 🔄 Обнаружено поворотов: 24
2025-11-11 12:10:32,512 - processor - INFO - Инициализирован FullFeatureProcessor с scale_factor=3.35
2025-11-11 12:10:32,514 - processor - INFO - 🚀 Начало обработки: forest_walk.mp4
2025-11-11 12:10:32,673 - processor - INFO - 📹 Информация о видео: 1920x1076, 30.0 FPS, 58.0 сек
2025-11-11 12:10:46,558 - processor - WARNING - Не удалось создать визуализацию: 'FullFeatureProcessor' object has no attribute '_calculate_distance'
2025-11-11 12:10:46,558 - processor - INFO - 💾 Результаты сохранены: data\output\forest_walk_analysis.json
2025-11-11 12:10:46,559 - processor - INFO - ✅ Обработка завершена: forest_walk.mp4
2025-11-11 12:10:46,559 - processor - INFO - 📊 Результаты: 588 точек траектории
2025-11-11 12:10:46,559 - processor - INFO - 📏 Дистанция: 81.84 единиц (масштаб: 3.35)
2025-11-11 12:10:46,559 - processor - INFO - 🔄 Обнаружено поворотов: 14
2025-11-11 12:12:21,143 - processor - INFO - Инициализирован FullFeatureProcessor с scale_factor=3.35
2025-11-11 12:12:21,143 - processor - INFO - 🚀 Начало обработки: forest_walk.mp4
2025-11-11 12:12:21,241 - processor - INFO - 📹 Информация о видео: 1920x1076, 30.0 FPS, 58.0 сек
2025-11-11 12:12:34,346 - processor - INFO - Текстовый отчет сохранен: data\output\forest_walk_report.txt
2025-11-11 12:12:34,346 - processor - INFO - 📈 Улучшенная визуализация сохранена: data\output\forest_walk_trajectory_enhanced.png
2025-11-11 12:12:34,346 - processor - INFO - 💾 Результаты сохранены: data\output\forest_walk_analysis.json
2025-11-11 12:12:34,346 - processor - INFO - ✅ Обработка завершена: forest_walk.mp4
2025-11-11 12:12:34,346 - processor - INFO - 📊 Результаты: 588 точек траектории
2025-11-11 12:12:34,346 - processor - INFO - 📏 Дистанция: 81.84 единиц (масштаб: 3.35)
2025-11-11 12:12:34,346 - processor - INFO - 🔄 Обнаружено поворотов: 14
2025-11-11 12:21:52,114 - processor - INFO - Инициализирован FullFeatureProcessor с scale_factor=3.35
2025-11-11 12:21:52,115 - processor - INFO - 🚀 Начало обработки: forest_walk.mp4
2025-11-11 12:21:52,215 - processor - INFO - 📹 Информация о видео: 1920x1076, 30.0 FPS, 58.0 сек
2025-11-11 12:22:32,363 - processor - INFO - Текстовый отчет сохранен: data\output\forest_walk_report.txt
2025-11-11 12:22:32,363 - processor - INFO - 📈 Улучшенная визуализация сохранена: data\output\forest_walk_trajectory_enhanced.png
2025-11-11 12:22:32,363 - processor - INFO - 💾 Результаты сохранены: data\output\forest_walk_analysis.json
2025-11-11 12:22:32,363 - processor - INFO - ✅ Обработка завершена: forest_walk.mp4
2025-11-11 12:22:32,364 - processor - INFO - 📊 Результаты: 349 точек траектории
2025-11-11 12:22:32,364 - processor - INFO - 📏 Дистанция: 10.88 единиц (масштаб: 3.35)
2025-11-11 12:22:32,364 - processor - INFO - 🔄 Обнаружено поворотов: 6
2025-11-11 12:26:17,285 - processor - INFO - Инициализирован FullFeatureProcessor с scale_factor=3.35
2025-11-11 12:26:17,285 - processor - INFO - 🚀 Начало обработки: forest_walk.mp4
2025-11-11 12:26:17,385 - processor - INFO - 📹 Информация о видео: 1920x1076, 30.0 FPS, 58.0 сек
2025-11-11 12:26:58,553 - processor - INFO - Текстовый отчет сохранен: data\output\forest_walk_report.txt
2025-11-11 12:26:58,553 - processor - INFO - 📈 Улучшенная визуализация сохранена: data\output\forest_walk_trajectory_enhanced.png
2025-11-11 12:26:58,553 - processor - INFO - 💾 Результаты сохранены: data\output\forest_walk_analysis.json
2025-11-11 12:26:58,554 - processor - INFO - ✅ Обработка завершена: forest_walk.mp4
2025-11-11 12:26:58,554 - processor - INFO - 📊 Результаты: 349 точек траектории
2025-11-11 12:26:58,554 - processor - INFO - 📏 Дистанция: 10.88 единиц (масштаб: 3.35)
2025-11-11 12:26:58,554 - processor - INFO - 🔄 Обнаружено поворотов: 6
2025-11-11 12:28:05,461 - processor - INFO - Инициализирован FullFeatureProcessor с scale_factor=3.35
2025-11-11 12:28:05,461 - processor - INFO - 🚀 Начало обработки: my_video_2.mp4
2025-11-11 12:28:05,551 - processor - INFO - 📹 Информация о видео: 1080x1920, 30.0 FPS, 30.0 сек
2025-11-11 12:28:27,577 - processor - INFO - Текстовый отчет сохранен: data\output\my_video_2_report.txt
2025-11-11 12:28:27,577 - processor - INFO - 📈 Улучшенная визуализация сохранена: data\output\my_video_2_trajectory_enhanced.png
2025-11-11 12:28:27,577 - processor - INFO - 💾 Результаты сохранены: data\output\my_video_2_analysis.json
2025-11-11 12:28:27,578 - processor - INFO - ✅ Обработка завершена: my_video_2.mp4
2025-11-11 12:28:27,578 - processor - INFO - 📊 Результаты: 218 точек траектории
2025-11-11 12:28:27,578 - processor - INFO - 📏 Дистанция: 10.15 единиц (масштаб: 3.35)
2025-11-11 12:28:27,578 - processor - INFO - 🔄 Обнаружено поворотов: 10
2025-11-11 12:34:21,130 - processor - INFO - Инициализирован FullFeatureProcessor с scale_factor=3.35
2025-11-11 12:34:21,130 - processor - INFO - 🚀 Начало обработки: my_video_2_stable.mp4
2025-11-11 12:34:21,232 - processor - INFO - 📹 Информация о видео: 1080x1920, 29.6 FPS, 30.0 сек
2025-11-11 12:34:44,186 - matplotlib.axes._base - WARNING - Ignoring fixed y limits to fulfill fixed data aspect with adjustable data limits.
2025-11-11 12:34:44,242 - matplotlib.axes._base - WARNING - Ignoring fixed y limits to fulfill fixed data aspect with adjustable data limits.
2025-11-11 12:34:44,461 - processor - INFO - 💾 Результаты сохранены: data\output\my_video_2_stable_analysis.json
2025-11-11 12:34:44,461 - processor - INFO - ✅ Обработка завершена: my_video_2_stable.mp4
2025-11-11 12:34:44,461 - processor - INFO - 📊 Результаты: 218 точек траектории
2025-11-11 12:34:44,461 - processor - INFO - 📏 Дистанция: 10.34 единиц (масштаб: 3.35)
2025-11-11 12:34:44,461 - processor - INFO - 🔄 Обнаружено поворотов: 11
2025-11-11 12:36:37,246 - processor - INFO - Инициализирован FullFeatureProcessor с scale_factor=3.356
2025-11-11 12:36:37,246 - processor - INFO - 🚀 Начало обработки: forest_walk.mp4
2025-11-11 12:36:37,347 - processor - INFO - 📹 Информация о видео: 1920x1076, 30.0 FPS, 58.0 сек
2025-11-11 12:37:16,573 - matplotlib.axes._base - WARNING - Ignoring fixed x limits to fulfill fixed data aspect with adjustable data limits.
2025-11-11 12:37:16,615 - matplotlib.axes._base - WARNING - Ignoring fixed y limits to fulfill fixed data aspect with adjustable data limits.
2025-11-11 12:37:16,782 - processor - INFO - 💾 Результаты сохранены: data\output\forest_walk_analysis.json
2025-11-11 12:37:16,782 - processor - INFO - ✅ Обработка завершена: forest_walk.mp4
2025-11-11 12:37:16,783 - processor - INFO - 📊 Результаты: 349 точек траектории
2025-11-11 12:37:16,783 - processor - INFO - 📏 Дистанция: 10.90 единиц (масштаб: 3.356)
2025-11-11 12:37:16,783 - processor - INFO - 🔄 Обнаружено поворотов: 6
2025-11-11 12:42:09,712 - processor - INFO - Инициализирован FullFeatureProcessor с scale_factor=3.356
2025-11-11 12:42:09,713 - processor - INFO - 🚀 Начало обработки: forest_walk.mp4
2025-11-11 12:42:09,815 - processor - INFO - 📹 Информация о видео: 1920x1076, 30.0 FPS, 58.0 сек
2025-11-11 12:42:50,726 - matplotlib.axes._base - WARNING - Ignoring fixed y limits to fulfill fixed data aspect with adjustable data limits.
2025-11-11 12:42:50,772 - matplotlib.axes._base - WARNING - Ignoring fixed x limits to fulfill fixed data aspect with adjustable data limits.
2025-11-11 12:42:50,960 - processor - INFO - 💾 Результаты сохранены: data\output\forest_walk_analysis.json
2025-11-11 12:42:50,960 - processor - INFO - ✅ Обработка завершена: forest_walk.mp4
2025-11-11 12:42:50,960 - processor - INFO - 📊 Результаты: 349 точек траектории
2025-11-11 12:42:50,960 - processor - INFO - 📏 Дистанция: 10.90 единиц (масштаб: 3.356)
2025-11-11 12:42:50,960 - processor - INFO - 🔄 Обнаружено поворотов: 6
